<?xml version="1.0" encoding="UTF-8"?>
<!-- Generated by org.testng.reporters.JUnitReportReporter -->
<testsuite hostname="MacBook-Pro.local" failures="0" tests="2" name="MockPassTest" time="0.001" errors="0" timestamp="04 Oct 2022 06:11:22 GMT" skipped="0">
  <testcase classname="MockPassTest" name="SamplePassTestForReportOne" time="0.001"/>
  <testcase classname="MockPassTest" name="SamplePassTestForReportTwo" time="0.000"/>
</testsuite> <!-- MockPassTest -->
