<?xml version="1.0" encoding="UTF-8"?>
<!-- Generated by org.testng.reporters.JUnitReportReporter -->
<testsuite hostname="MacBook-Pro.local" failures="0" tests="1" name="VerifyProductTest" time="42.715" errors="0" timestamp="04 Oct 2022 06:11:22 GMT" skipped="0">
  <testcase classname="VerifyProductTest" name="SampleTestForChallenge" time="42.715"/>
</testsuite> <!-- VerifyProductTest -->
